<?xml version="1.0" encoding="UTF-8"?>
<testng-results ignored="0" total="1" passed="1" failed="0" skipped="0">
  <reporter-output>
  </reporter-output>
  <suite started-at="2025-08-13T16:17:59 IST" name="Default suite" finished-at="2025-08-13T16:17:59 IST" duration-ms="40">
    <groups>
    </groups>
    <test started-at="2025-08-13T16:17:59 IST" name="Default test" finished-at="2025-08-13T16:17:59 IST" duration-ms="40">
      <class name="day_4_interview.String_Class">
        <test-method signature="test()[pri:0, instance:day_4_interview.String_Class@4c163e3]" started-at="2025-08-13T16:17:59 IST" name="test" finished-at="2025-08-13T16:17:59 IST" duration-ms="11" status="PASS">
          <reporter-output>
          </reporter-output>
        </test-method> <!-- test -->
      </class> <!-- day_4_interview.String_Class -->
    </test> <!-- Default test -->
  </suite> <!-- Default suite -->
</testng-results>
